[debug] [2018-10-08T09:19:13.579Z] ----------------------------------------------------------------------
[debug] [2018-10-08T09:19:13.580Z] Command:       /usr/local/bin/node /usr/local/bin/firebase deploy
[debug] [2018-10-08T09:19:13.581Z] CLI Version:   4.2.1
[debug] [2018-10-08T09:19:13.581Z] Platform:      darwin
[debug] [2018-10-08T09:19:13.581Z] Node Version:  v8.11.4
[debug] [2018-10-08T09:19:13.581Z] Time:          Mon Oct 08 2018 14:49:13 GMT+0530 (IST)
[debug] [2018-10-08T09:19:13.581Z] ----------------------------------------------------------------------
[debug] 
[debug] [2018-10-08T09:19:13.592Z] > command requires scopes: ["email","openid","https://www.googleapis.com/auth/cloudplatformprojects.readonly","https://www.googleapis.com/auth/firebase","https://www.googleapis.com/auth/cloud-platform"]
[debug] [2018-10-08T09:19:13.593Z] > authorizing via signed-in user
[debug] [2018-10-08T09:19:13.594Z] > refreshing access token with scopes: ["email","https://www.googleapis.com/auth/cloud-platform","https://www.googleapis.com/auth/cloudplatformprojects.readonly","https://www.googleapis.com/auth/firebase","openid"]
[debug] [2018-10-08T09:19:13.594Z] >>> HTTP REQUEST POST https://www.googleapis.com/oauth2/v3/token  

[debug] [2018-10-08T09:19:14.231Z] <<< HTTP RESPONSE 200
[debug] [2018-10-08T09:19:14.242Z] >>> HTTP REQUEST GET https://admin.firebase.com/v1/projects/solar-saver  
 
[debug] [2018-10-08T09:19:16.145Z] <<< HTTP RESPONSE 200
[info] 
[info] === Deploying to 'solar-saver'...
[info] 
[info] i  deploying hosting
[debug] [2018-10-08T09:19:16.159Z] >>> HTTP REQUEST POST https://firebasehosting.googleapis.com/v1beta1/sites/solar-saver/versions  

[debug] [2018-10-08T09:19:18.393Z] <<< HTTP RESPONSE 200
[info] i  hosting[solar-saver]: beginning deploy...
[info] i  hosting[solar-saver]: found 26 files in build
[debug] [2018-10-08T09:19:18.725Z] [hosting] hash cache [YnVpbGQ] stored for 26 files
[debug] [2018-10-08T09:19:18.725Z] [hosting][hash queue][FINAL]
[debug] [2018-10-08T09:19:18.726Z] >>> HTTP REQUEST POST https://firebasehosting.googleapis.com/v1beta1/sites/solar-saver/versions/f6123b544c5c0b65:populateFiles  
 <request body omitted>
[debug] [2018-10-08T09:19:21.465Z] <<< HTTP RESPONSE 200
[debug] [2018-10-08T09:19:21.473Z] [hosting][populate queue][FINAL]
[debug] [2018-10-08T09:19:21.474Z] [hosting] uploads queued: 8
